<?xml version="1.0" encoding="UTF-8"?>
<testng-results skipped="0" failed="0" ignored="0" total="1" passed="1">
  <reporter-output>
  </reporter-output>
  <suite name="Surefire suite" duration-ms="5993" started-at="2020-03-18T21:35:16Z" finished-at="2020-03-18T21:35:22Z">
    <groups>
    </groups>
    <test name="Surefire test" duration-ms="5993" started-at="2020-03-18T21:35:16Z" finished-at="2020-03-18T21:35:22Z">
      <class name="com.mycompany.app.AppTest">
        <test-method status="PASS" signature="shouldAnswerWithTrue()[pri:0, instance:com.mycompany.app.AppTest@13fee20c]" name="shouldAnswerWithTrue" duration-ms="5963" started-at="2020-03-18T21:35:16Z" finished-at="2020-03-18T21:35:22Z">
          <reporter-output>
          </reporter-output>
        </test-method> <!-- shouldAnswerWithTrue -->
      </class> <!-- com.mycompany.app.AppTest -->
    </test> <!-- Surefire test -->
  </suite> <!-- Surefire suite -->
</testng-results>
